[DEBUG] 2021-09-06 13:35:50.457 [main] MainApp (MainApp.java:16) - Debug
[INFO ] 2021-09-06 13:35:50.459 [main] MainApp (MainApp.java:17) - Info
[WARN ] 2021-09-06 13:35:50.459 [main] MainApp (MainApp.java:18) - Warn
[ERROR] 2021-09-06 13:35:50.460 [main] MainApp (MainApp.java:19) - Error
[FATAL] 2021-09-06 13:35:50.460 [main] MainApp (MainApp.java:20) - Fatal
[INFO ] 2021-09-06 13:35:50.461 [main] MainApp (MainApp.java:21) - String: Hello, world.
[ERROR] 2021-09-06 13:35:50.461 [main] MainApp (MainApp.java:29) - Throwing
java.lang.RuntimeException: 123
	at ru.bh.level3.les6.MainApp.a(MainApp.java:27) [classes/:?]
	at ru.bh.level3.les6.MainApp.main(MainApp.java:22) [classes/:?]
DEBUG 2021-09-06 13:44:00.161 [main] MainApp (MainApp.java:16) - Debug
INFO  2021-09-06 13:44:00.164 [main] MainApp (MainApp.java:17) - Info
WARN  2021-09-06 13:44:00.164 [main] MainApp (MainApp.java:18) - Warn
ERROR 2021-09-06 13:44:00.164 [main] MainApp (MainApp.java:19) - Error
FATAL 2021-09-06 13:44:00.164 [main] MainApp (MainApp.java:20) - Fatal
INFO  2021-09-06 13:44:00.166 [main] MainApp (MainApp.java:21) - String: Hello, world.
ERROR 2021-09-06 13:44:00.166 [main] MainApp (MainApp.java:29) - Throwing
java.lang.RuntimeException: 123
	at ru.bh.level3.les6.MainApp.a(MainApp.java:27) [classes/:?]
	at ru.bh.level3.les6.MainApp.main(MainApp.java:22) [classes/:?]
[DEBUG] 2021-09-06 13:44:25.718 [main] MainApp (MainApp.java:16) - Debug
[INFO ] 2021-09-06 13:44:25.721 [main] MainApp (MainApp.java:17) - Info
[WARN ] 2021-09-06 13:44:25.721 [main] MainApp (MainApp.java:18) - Warn
[ERROR] 2021-09-06 13:44:25.721 [main] MainApp (MainApp.java:19) - Error
[FATAL] 2021-09-06 13:44:25.721 [main] MainApp (MainApp.java:20) - Fatal
[INFO ] 2021-09-06 13:44:25.722 [main] MainApp (MainApp.java:21) - String: Hello, world.
[ERROR] 2021-09-06 13:44:25.723 [main] MainApp (MainApp.java:29) - Throwing
java.lang.RuntimeException: 123
	at ru.bh.level3.les6.MainApp.a(MainApp.java:27) [classes/:?]
	at ru.bh.level3.les6.MainApp.main(MainApp.java:22) [classes/:?]
[%] 2021-09-06 13:44:45.699 [main] MainApp (MainApp.java:16) - Debug
[%] 2021-09-06 13:44:45.700 [main] MainApp (MainApp.java:17) - Info
[%] 2021-09-06 13:44:45.701 [main] MainApp (MainApp.java:18) - Warn
[%] 2021-09-06 13:44:45.701 [main] MainApp (MainApp.java:19) - Error
[%] 2021-09-06 13:44:45.701 [main] MainApp (MainApp.java:20) - Fatal
[%] 2021-09-06 13:44:45.702 [main] MainApp (MainApp.java:21) - String: Hello, world.
[%] 2021-09-06 13:44:45.702 [main] MainApp (MainApp.java:29) - Throwing
java.lang.RuntimeException: 123
	at ru.bh.level3.les6.MainApp.a(MainApp.java:27) [classes/:?]
	at ru.bh.level3.les6.MainApp.main(MainApp.java:22) [classes/:?]
[DEBUG] 2021-09-06 13:44:56.390 [main] MainApp (MainApp.java:16) - Debug
[INFO ] 2021-09-06 13:44:56.392 [main] MainApp (MainApp.java:17) - Info
[WARN ] 2021-09-06 13:44:56.392 [main] MainApp (MainApp.java:18) - Warn
[ERROR] 2021-09-06 13:44:56.392 [main] MainApp (MainApp.java:19) - Error
[FATAL] 2021-09-06 13:44:56.392 [main] MainApp (MainApp.java:20) - Fatal
[INFO ] 2021-09-06 13:44:56.394 [main] MainApp (MainApp.java:21) - String: Hello, world.
[ERROR] 2021-09-06 13:44:56.394 [main] MainApp (MainApp.java:29) - Throwing
java.lang.RuntimeException: 123
	at ru.bh.level3.les6.MainApp.a(MainApp.java:27) [classes/:?]
	at ru.bh.level3.les6.MainApp.main(MainApp.java:22) [classes/:?]
[DEBUG] 2021-09-06 13:45:20.651 [main] MainApp (MainApp.java:16) - Debug
[INFO ] 2021-09-06 13:45:20.653 [main] MainApp (MainApp.java:17) - Info
[WARN ] 2021-09-06 13:45:20.653 [main] MainApp (MainApp.java:18) - Warn
[ERROR] 2021-09-06 13:45:20.653 [main] MainApp (MainApp.java:19) - Error
[FATAL] 2021-09-06 13:45:20.653 [main] MainApp (MainApp.java:20) - Fatal
[INFO ] 2021-09-06 13:45:20.654 [main] MainApp (MainApp.java:21) - String: Hello, world.
[ERROR] 2021-09-06 13:45:20.655 [main] MainApp (MainApp.java:29) - Throwing
java.lang.RuntimeException: 123
	at ru.bh.level3.les6.MainApp.a(MainApp.java:27) [classes/:?]
	at ru.bh.level3.les6.MainApp.main(MainApp.java:22) [classes/:?]
[DEBUG] 2021-09-06 13:45:27.500 [main] MainApp (MainApp.java:16) - Debug
[INFO ] 2021-09-06 13:45:27.502 [main] MainApp (MainApp.java:17) - Info
[WARN ] 2021-09-06 13:45:27.503 [main] MainApp (MainApp.java:18) - Warn
[ERROR] 2021-09-06 13:45:27.503 [main] MainApp (MainApp.java:19) - Error
[FATAL] 2021-09-06 13:45:27.503 [main] MainApp (MainApp.java:20) - Fatal
[INFO ] 2021-09-06 13:45:27.504 [main] MainApp (MainApp.java:21) - String: Hello, world.
[ERROR] 2021-09-06 13:45:27.504 [main] MainApp (MainApp.java:29) - Throwing
java.lang.RuntimeException: 123
	at ru.bh.level3.les6.MainApp.a(MainApp.java:27) [classes/:?]
	at ru.bh.level3.les6.MainApp.main(MainApp.java:22) [classes/:?]
[DEBUG] 2021-09-06 14:06:21 [main] MainApp (MainApp.java:16) - Debug
[INFO ] 2021-09-06 14:06:21 [main] MainApp (MainApp.java:17) - Info
[WARN ] 2021-09-06 14:06:21 [main] MainApp (MainApp.java:18) - Warn
[ERROR] 2021-09-06 14:06:21 [main] MainApp (MainApp.java:19) - Error
[FATAL] 2021-09-06 14:06:21 [main] MainApp (MainApp.java:20) - Fatal
[INFO ] 2021-09-06 14:06:21 [main] MainApp (MainApp.java:21) - String: Hello, world.
[ERROR] 2021-09-06 14:06:21 [main] MainApp (MainApp.java:29) - Throwing
java.lang.RuntimeException: 123
	at ru.bh.level3.les6.MainApp.a(MainApp.java:27) [classes/:?]
	at ru.bh.level3.les6.MainApp.main(MainApp.java:22) [classes/:?]
[DEBUG] 2021-09-06 14:06:36.898 [main] MainApp (MainApp.java:16) - Debug
[INFO ] 2021-09-06 14:06:36.900 [main] MainApp (MainApp.java:17) - Info
[WARN ] 2021-09-06 14:06:36.900 [main] MainApp (MainApp.java:18) - Warn
[ERROR] 2021-09-06 14:06:36.900 [main] MainApp (MainApp.java:19) - Error
[FATAL] 2021-09-06 14:06:36.901 [main] MainApp (MainApp.java:20) - Fatal
[INFO ] 2021-09-06 14:06:36.902 [main] MainApp (MainApp.java:21) - String: Hello, world.
[ERROR] 2021-09-06 14:06:36.902 [main] MainApp (MainApp.java:29) - Throwing
java.lang.RuntimeException: 123
	at ru.bh.level3.les6.MainApp.a(MainApp.java:27) [classes/:?]
	at ru.bh.level3.les6.MainApp.main(MainApp.java:22) [classes/:?]
[WARN ] 2021-09-06 14:15:19.604 [main] MainApp (MainApp.java:18) - Warn
[ERROR] 2021-09-06 14:15:19.605 [main] MainApp (MainApp.java:19) - Error
[FATAL] 2021-09-06 14:15:19.606 [main] MainApp (MainApp.java:20) - Fatal
[ERROR] 2021-09-06 14:15:19.606 [main] MainApp (MainApp.java:29) - Throwing
java.lang.RuntimeException: 123
	at ru.bh.level3.les6.MainApp.a(MainApp.java:27) [classes/:?]
	at ru.bh.level3.les6.MainApp.main(MainApp.java:22) [classes/:?]
[DEBUG] 2021-09-06 14:15:27.798 [main] MainApp (MainApp.java:16) - Debug
[INFO ] 2021-09-06 14:15:27.800 [main] MainApp (MainApp.java:17) - Info
[WARN ] 2021-09-06 14:15:27.800 [main] MainApp (MainApp.java:18) - Warn
[ERROR] 2021-09-06 14:15:27.801 [main] MainApp (MainApp.java:19) - Error
[FATAL] 2021-09-06 14:15:27.801 [main] MainApp (MainApp.java:20) - Fatal
[INFO ] 2021-09-06 14:15:27.802 [main] MainApp (MainApp.java:21) - String: Hello, world.
[ERROR] 2021-09-06 14:15:27.802 [main] MainApp (MainApp.java:29) - Throwing
java.lang.RuntimeException: 123
	at ru.bh.level3.les6.MainApp.a(MainApp.java:27) [classes/:?]
	at ru.bh.level3.les6.MainApp.main(MainApp.java:22) [classes/:?]
[TRACE] 2021-09-06 14:16:18.671 [main] MainApp (MainApp.java:16) - Trace
[DEBUG] 2021-09-06 14:16:18.673 [main] MainApp (MainApp.java:17) - Debug
[INFO ] 2021-09-06 14:16:18.674 [main] MainApp (MainApp.java:18) - Info
[WARN ] 2021-09-06 14:16:18.674 [main] MainApp (MainApp.java:19) - Warn
[ERROR] 2021-09-06 14:16:18.674 [main] MainApp (MainApp.java:20) - Error
[FATAL] 2021-09-06 14:16:18.674 [main] MainApp (MainApp.java:21) - Fatal
[INFO ] 2021-09-06 14:16:18.676 [main] MainApp (MainApp.java:22) - String: Hello, world.
[ERROR] 2021-09-06 14:16:18.676 [main] MainApp (MainApp.java:30) - Throwing
java.lang.RuntimeException: 123
	at ru.bh.level3.les6.MainApp.a(MainApp.java:28) [classes/:?]
	at ru.bh.level3.les6.MainApp.main(MainApp.java:23) [classes/:?]
[TRACE] 2021-09-06 16:24:11.783 [main] MainApp (MainApp.java:16) - Trace
[DEBUG] 2021-09-06 16:24:11.785 [main] MainApp (MainApp.java:17) - Debug
[INFO ] 2021-09-06 16:24:11.785 [main] MainApp (MainApp.java:18) - Info
[WARN ] 2021-09-06 16:24:11.785 [main] MainApp (MainApp.java:19) - Warn
[ERROR] 2021-09-06 16:24:11.785 [main] MainApp (MainApp.java:20) - Error
[FATAL] 2021-09-06 16:24:11.785 [main] MainApp (MainApp.java:21) - Fatal
[INFO ] 2021-09-06 16:24:11.786 [main] MainApp (MainApp.java:22) - String: Hello, world.
[ERROR] 2021-09-06 16:24:11.786 [main] MainApp (MainApp.java:30) - Throwing
java.lang.RuntimeException: 123
	at ru.bh.level3.les6.MainApp.a(MainApp.java:28) [classes/:?]
	at ru.bh.level3.les6.MainApp.main(MainApp.java:23) [classes/:?]
[TRACE] 2021-09-06 16:24:21.096 [main] MainApp (MainApp.java:16) - Trace
[DEBUG] 2021-09-06 16:24:21.098 [main] MainApp (MainApp.java:17) - Debug
[INFO ] 2021-09-06 16:24:21.098 [main] MainApp (MainApp.java:18) - Info
[WARN ] 2021-09-06 16:24:21.098 [main] MainApp (MainApp.java:19) - Warn
[ERROR] 2021-09-06 16:24:21.098 [main] MainApp (MainApp.java:20) - Error
[FATAL] 2021-09-06 16:24:21.098 [main] MainApp (MainApp.java:21) - Fatal
[INFO ] 2021-09-06 16:24:21.100 [main] MainApp (MainApp.java:22) - String: Hello, world.
[ERROR] 2021-09-06 16:24:21.100 [main] MainApp (MainApp.java:30) - Throwing
java.lang.RuntimeException: 123
	at ru.bh.level3.les6.MainApp.a(MainApp.java:28) [classes/:?]
	at ru.bh.level3.les6.MainApp.main(MainApp.java:23) [classes/:?]
[FATAL] 2021-09-06 16:29:40.065 [main] MainApp (MainApp.java:21) - Fatal
[TRACE] 2021-09-06 16:29:54.482 [main] MainApp (MainApp.java:16) - Trace
[DEBUG] 2021-09-06 16:29:54.484 [main] MainApp (MainApp.java:17) - Debug
[INFO ] 2021-09-06 16:29:54.484 [main] MainApp (MainApp.java:18) - Info
[WARN ] 2021-09-06 16:29:54.485 [main] MainApp (MainApp.java:19) - Warn
[ERROR] 2021-09-06 16:29:54.485 [main] MainApp (MainApp.java:20) - Error
[FATAL] 2021-09-06 16:29:54.485 [main] MainApp (MainApp.java:21) - Fatal
[INFO ] 2021-09-06 16:29:54.487 [main] MainApp (MainApp.java:22) - String: Hello, world.
[ERROR] 2021-09-06 16:29:54.487 [main] MainApp (MainApp.java:30) - Throwing
java.lang.RuntimeException: 123
	at ru.bh.level3.les6.MainApp.a(MainApp.java:28) [classes/:?]
	at ru.bh.level3.les6.MainApp.main(MainApp.java:23) [classes/:?]
[TRACE] 2021-09-06 16:31:04.746 [main] MainApp (MainApp.java:16) - Trace
[TRACE] 2021-09-06 16:31:04.746 [main] MainApp (MainApp.java:16) - Trace
[DEBUG] 2021-09-06 16:31:04.748 [main] MainApp (MainApp.java:17) - Debug
[DEBUG] 2021-09-06 16:31:04.748 [main] MainApp (MainApp.java:17) - Debug
[INFO ] 2021-09-06 16:31:04.748 [main] MainApp (MainApp.java:18) - Info
[INFO ] 2021-09-06 16:31:04.748 [main] MainApp (MainApp.java:18) - Info
[WARN ] 2021-09-06 16:31:04.749 [main] MainApp (MainApp.java:19) - Warn
[WARN ] 2021-09-06 16:31:04.749 [main] MainApp (MainApp.java:19) - Warn
[ERROR] 2021-09-06 16:31:04.749 [main] MainApp (MainApp.java:20) - Error
[ERROR] 2021-09-06 16:31:04.749 [main] MainApp (MainApp.java:20) - Error
[FATAL] 2021-09-06 16:31:04.749 [main] MainApp (MainApp.java:21) - Fatal
[FATAL] 2021-09-06 16:31:04.749 [main] MainApp (MainApp.java:21) - Fatal
[INFO ] 2021-09-06 16:31:04.751 [main] MainApp (MainApp.java:22) - String: Hello, world.
[INFO ] 2021-09-06 16:31:04.751 [main] MainApp (MainApp.java:22) - String: Hello, world.
[ERROR] 2021-09-06 16:31:04.751 [main] MainApp (MainApp.java:30) - Throwing
java.lang.RuntimeException: 123
	at ru.bh.level3.les6.MainApp.a(MainApp.java:28) [classes/:?]
	at ru.bh.level3.les6.MainApp.main(MainApp.java:23) [classes/:?]
[ERROR] 2021-09-06 16:31:04.751 [main] MainApp (MainApp.java:30) - Throwing
java.lang.RuntimeException: 123
	at ru.bh.level3.les6.MainApp.a(MainApp.java:28) [classes/:?]
	at ru.bh.level3.les6.MainApp.main(MainApp.java:23) [classes/:?]
